<?xml version="1.0" encoding="UTF-8"?>
<!-- Generated by org.testng.reporters.JUnitReportReporter -->
<testsuite skipped="0" hostname="Saravanas-Air" name="com.crm.qa.testcases.LoginPageTest" tests="3" failures="0" timestamp="07 Oct 2018 05:50:36 GMT" time="30.441" errors="0">
  <testcase name="loginPageTitleTest" time="6.483" classname="com.crm.qa.testcases.LoginPageTest"/>
  <testcase name="crmLogoImageTest" time="6.120" classname="com.crm.qa.testcases.LoginPageTest"/>
  <testcase name="loginTest" time="17.838" classname="com.crm.qa.testcases.LoginPageTest"/>
</testsuite> <!-- com.crm.qa.testcases.LoginPageTest -->
