<?xml version="1.0" encoding="UTF-8"?>
<!-- Generated by org.testng.reporters.JUnitReportReporter -->
<testsuite skipped="0" hostname="Saravanas-Air" name="com.crm.qa.testcases.HomePageTest" tests="3" failures="0" timestamp="07 Oct 2018 12:05:48 GMT" time="54.321" errors="0">
  <testcase name="verifyHomePageTest" time="17.404" classname="com.crm.qa.testcases.HomePageTest"/>
  <testcase name="verifyUserNameTest" time="17.113" classname="com.crm.qa.testcases.HomePageTest"/>
  <testcase name="verifyContactsLinkTest" time="19.804" classname="com.crm.qa.testcases.HomePageTest"/>
</testsuite> <!-- com.crm.qa.testcases.HomePageTest -->
