<?xml version="1.0" encoding="UTF-8"?>
<!-- Generated by org.testng.reporters.JUnitReportReporter -->
<testsuite skipped="0" hostname="Saravanas-Air" name="com.crm.qa.testcases.ContactsPageTest" tests="6" failures="0" timestamp="07 Oct 2018 05:50:36 GMT" time="118.781" errors="0">
  <testcase name="verifyContactsPageLabelTest" time="20.272" classname="com.crm.qa.testcases.ContactsPageTest"/>
  <testcase name="selectContactTest" time="15.760" classname="com.crm.qa.testcases.ContactsPageTest"/>
  <testcase name="selectMultipleContactsTest" time="16.078" classname="com.crm.qa.testcases.ContactsPageTest"/>
  <testcase name="validateCreateNewContact" time="19.986" classname="com.crm.qa.testcases.ContactsPageTest"/>
  <testcase name="validateCreateNewContact" time="21.039" classname="com.crm.qa.testcases.ContactsPageTest"/>
  <testcase name="validateCreateNewContact" time="25.646" classname="com.crm.qa.testcases.ContactsPageTest"/>
</testsuite> <!-- com.crm.qa.testcases.ContactsPageTest -->
