<?xml version="1.0" encoding="UTF-8"?>
<!-- Generated by org.testng.reporters.JUnitReportReporter -->
<testsuite skipped="0" hostname="Saravanas-Air" name="com.crm.qa.testcases.LoginPageTest" tests="3" failures="0" timestamp="07 Oct 2018 12:05:48 GMT" time="27.888" errors="0">
  <testcase name="loginPageTitleTest" time="8.365" classname="com.crm.qa.testcases.LoginPageTest"/>
  <testcase name="crmLogoImageTest" time="6.085" classname="com.crm.qa.testcases.LoginPageTest"/>
  <testcase name="loginTest" time="13.438" classname="com.crm.qa.testcases.LoginPageTest"/>
</testsuite> <!-- com.crm.qa.testcases.LoginPageTest -->
