<?xml version="1.0" encoding="UTF-8"?>
<!-- Generated by org.testng.reporters.JUnitReportReporter -->
<testsuite skipped="0" hostname="Saravanas-Air" name="com.crm.qa.testcases.HomePageTest" tests="3" failures="0" timestamp="07 Oct 2018 07:59:42 GMT" time="48.832" errors="0">
  <testcase name="verifyHomePageTest" time="18.524" classname="com.crm.qa.testcases.HomePageTest"/>
  <testcase name="verifyUserNameTest" time="15.373" classname="com.crm.qa.testcases.HomePageTest"/>
  <testcase name="verifyContactsLinkTest" time="14.935" classname="com.crm.qa.testcases.HomePageTest"/>
</testsuite> <!-- com.crm.qa.testcases.HomePageTest -->
